# JRE version: Java(TM) SE Runtime Environment (8.0_251-b08) (build 1.8.0_251-b08)
# Java VM: Java HotSpot(TM) 64-Bit Server VM (25.251-b08 mixed mode windows-amd64 compressed oops)
Heap:
 PSYoungGen      total 317440K, used 47727K [0x00000000e0c00000, 0x00000000ffb00000, 0x0000000100000000)
  eden space 297472K, 9% used [0x00000000e0c00000,0x00000000e2723f50,0x00000000f2e80000)
  from space 19968K, 99% used [0x00000000f2e80000,0x00000000f41f8020,0x00000000f4200000)
  to   space 30720K, 0% used [0x00000000fdd00000,0x00000000fdd00000,0x00000000ffb00000)
 ParOldGen       total 109056K, used 57933K [0x00000000a2400000, 0x00000000a8e80000, 0x00000000e0c00000)
  object space 109056K, 53% used [0x00000000a2400000,0x00000000a5c93698,0x00000000a8e80000)
 Metaspace       used 70458K, capacity 74438K, committed 74752K, reserved 1114112K
  class space    used 10035K, capacity 10924K, committed 11008K, reserved 1048576K
GC Heap History (10 events):
Event: 16.880 GC heap before
{Heap before GC invocations=14 (full 2):
 PSYoungGen      total 166912K, used 166908K [0x00000000e0c00000, 0x00000000eea80000, 0x0000000100000000)
  eden space 154624K, 100% used [0x00000000e0c00000,0x00000000ea300000,0x00000000ea300000)
  from space 12288K, 99% used [0x00000000ea300000,0x00000000eaeff3f8,0x00000000eaf00000)
  to   space 15360K, 0% used [0x00000000edb80000,0x00000000edb80000,0x00000000eea80000)
 ParOldGen       total 87552K, used 23375K [0x00000000a2400000, 0x00000000a7980000, 0x00000000e0c00000)
  object space 87552K, 26% used [0x00000000a2400000,0x00000000a3ad3f58,0x00000000a7980000)
 Metaspace       used 56741K, capacity 59066K, committed 59136K, reserved 1099776K
  class space    used 7874K, capacity 8382K, committed 8448K, reserved 1048576K
Event: 16.918 GC heap after
Heap after GC invocations=14 (full 2):
 PSYoungGen      total 210944K, used 14520K [0x00000000e0c00000, 0x00000000eef00000, 0x0000000100000000)
  eden space 195584K, 0% used [0x00000000e0c00000,0x00000000e0c00000,0x00000000ecb00000)
  from space 15360K, 94% used [0x00000000edb80000,0x00000000ee9ae298,0x00000000eea80000)
  to   space 16896K, 0% used [0x00000000ecb00000,0x00000000ecb00000,0x00000000edb80000)
 ParOldGen       total 87552K, used 31941K [0x00000000a2400000, 0x00000000a7980000, 0x00000000e0c00000)
  object space 87552K, 36% used [0x00000000a2400000,0x00000000a43317f8,0x00000000a7980000)
 Metaspace       used 56741K, capacity 59066K, committed 59136K, reserved 1099776K
  class space    used 7874K, capacity 8382K, committed 8448K, reserved 1048576K
}
Event: 16.926 GC heap before
{Heap before GC invocations=15 (full 2):
 PSYoungGen      total 210944K, used 18246K [0x00000000e0c00000, 0x00000000eef00000, 0x0000000100000000)
  eden space 195584K, 1% used [0x00000000e0c00000,0x00000000e0fa38b8,0x00000000ecb00000)
  from space 15360K, 94% used [0x00000000edb80000,0x00000000ee9ae298,0x00000000eea80000)
  to   space 16896K, 0% used [0x00000000ecb00000,0x00000000ecb00000,0x00000000edb80000)
 ParOldGen       total 87552K, used 31941K [0x00000000a2400000, 0x00000000a7980000, 0x00000000e0c00000)
  object space 87552K, 36% used [0x00000000a2400000,0x00000000a43317f8,0x00000000a7980000)
 Metaspace       used 56749K, capacity 59066K, committed 59136K, reserved 1099776K
  class space    used 7876K, capacity 8382K, committed 8448K, reserved 1048576K
Event: 16.943 GC heap after
Heap after GC invocations=15 (full 2):
 PSYoungGen      total 212480K, used 10656K [0x00000000e0c00000, 0x00000000f5500000, 0x0000000100000000)
  eden space 195584K, 0% used [0x00000000e0c00000,0x00000000e0c00000,0x00000000ecb00000)
  from space 16896K, 63% used [0x00000000ecb00000,0x00000000ed568000,0x00000000edb80000)
  to   space 16896K, 0% used [0x00000000f4480000,0x00000000f4480000,0x00000000f5500000)
 ParOldGen       total 87552K, used 31949K [0x00000000a2400000, 0x00000000a7980000, 0x00000000e0c00000)
  object space 87552K, 36% used [0x00000000a2400000,0x00000000a43337f8,0x00000000a7980000)
 Metaspace       used 56749K, capacity 59066K, committed 59136K, reserved 1099776K
  class space    used 7876K, capacity 8382K, committed 8448K, reserved 1048576K
}
Event: 16.943 GC heap before
{Heap before GC invocations=16 (full 3):
 PSYoungGen      total 212480K, used 10656K [0x00000000e0c00000, 0x00000000f5500000, 0x0000000100000000)
  eden space 195584K, 0% used [0x00000000e0c00000,0x00000000e0c00000,0x00000000ecb00000)
  from space 16896K, 63% used [0x00000000ecb00000,0x00000000ed568000,0x00000000edb80000)
  to   space 16896K, 0% used [0x00000000f4480000,0x00000000f4480000,0x00000000f5500000)
 ParOldGen       total 87552K, used 31949K [0x00000000a2400000, 0x00000000a7980000, 0x00000000e0c00000)
  object space 87552K, 36% used [0x00000000a2400000,0x00000000a43337f8,0x00000000a7980000)
 Metaspace       used 56749K, capacity 59066K, committed 59136K, reserved 1099776K
  class space    used 7876K, capacity 8382K, committed 8448K, reserved 1048576K
Event: 17.180 GC heap after
Heap after GC invocations=16 (full 3):
 PSYoungGen      total 212480K, used 0K [0x00000000e0c00000, 0x00000000f5500000, 0x0000000100000000)
  eden space 195584K, 0% used [0x00000000e0c00000,0x00000000e0c00000,0x00000000ecb00000)
  from space 16896K, 0% used [0x00000000ecb00000,0x00000000ecb00000,0x00000000edb80000)
  to   space 16896K, 0% used [0x00000000f4480000,0x00000000f4480000,0x00000000f5500000)
 ParOldGen       total 109056K, used 33625K [0x00000000a2400000, 0x00000000a8e80000, 0x00000000e0c00000)
  object space 109056K, 30% used [0x00000000a2400000,0x00000000a44d64b8,0x00000000a8e80000)
 Metaspace       used 56744K, capacity 59048K, committed 59136K, reserved 1099776K
  class space    used 7874K, capacity 8379K, committed 8448K, reserved 1048576K
}
Event: 20.073 GC heap before
{Heap before GC invocations=17 (full 3):
 PSYoungGen      total 212480K, used 195584K [0x00000000e0c00000, 0x00000000f5500000, 0x0000000100000000)
  eden space 195584K, 100% used [0x00000000e0c00000,0x00000000ecb00000,0x00000000ecb00000)
  from space 16896K, 0% used [0x00000000ecb00000,0x00000000ecb00000,0x00000000edb80000)
  to   space 16896K, 0% used [0x00000000f4480000,0x00000000f4480000,0x00000000f5500000)
 ParOldGen       total 109056K, used 33625K [0x00000000a2400000, 0x00000000a8e80000, 0x00000000e0c00000)
  object space 109056K, 30% used [0x00000000a2400000,0x00000000a44d64b8,0x00000000a8e80000)
 Metaspace       used 64505K, capacity 67522K, committed 67584K, reserved 1107968K
  class space    used 9088K, capacity 9708K, committed 9728K, reserved 1048576K
Event: 20.101 GC heap after
Heap after GC invocations=17 (full 3):
 PSYoungGen      total 314368K, used 16874K [0x00000000e0c00000, 0x00000000f5580000, 0x0000000100000000)
  eden space 297472K, 0% used [0x00000000e0c00000,0x00000000e0c00000,0x00000000f2e80000)
  from space 16896K, 99% used [0x00000000f4480000,0x00000000f54fab20,0x00000000f5500000)
  to   space 19968K, 0% used [0x00000000f2e80000,0x00000000f2e80000,0x00000000f4200000)
 ParOldGen       total 109056K, used 36118K [0x00000000a2400000, 0x00000000a8e80000, 0x00000000e0c00000)
  object space 109056K, 33% used [0x00000000a2400000,0x00000000a4745a90,0x00000000a8e80000)
 Metaspace       used 64505K, capacity 67522K, committed 67584K, reserved 1107968K
  class space    used 9088K, capacity 9708K, committed 9728K, reserved 1048576K
}
Event: 25.748 GC heap before
{Heap before GC invocations=18 (full 3):
 PSYoungGen      total 314368K, used 314346K [0x00000000e0c00000, 0x00000000f5580000, 0x0000000100000000)
  eden space 297472K, 100% used [0x00000000e0c00000,0x00000000f2e80000,0x00000000f2e80000)
  from space 16896K, 99% used [0x00000000f4480000,0x00000000f54fab20,0x00000000f5500000)
  to   space 19968K, 0% used [0x00000000f2e80000,0x00000000f2e80000,0x00000000f4200000)
 ParOldGen       total 109056K, used 36118K [0x00000000a2400000, 0x00000000a8e80000, 0x00000000e0c00000)
  object space 109056K, 33% used [0x00000000a2400000,0x00000000a4745a90,0x00000000a8e80000)
 Metaspace       used 69835K, capacity 73752K, committed 73856K, reserved 1112064K
  class space    used 9955K, capacity 10786K, committed 10880K, reserved 1048576K
Event: 25.830 GC heap after
Heap after GC invocations=18 (full 3):
 PSYoungGen      total 317440K, used 19936K [0x00000000e0c00000, 0x00000000ffb00000, 0x0000000100000000)
  eden space 297472K, 0% used [0x00000000e0c00000,0x00000000e0c00000,0x00000000f2e80000)
  from space 19968K, 99% used [0x00000000f2e80000,0x00000000f41f8020,0x00000000f4200000)
  to   space 30720K, 0% used [0x00000000fdd00000,0x00000000fdd00000,0x00000000ffb00000)
 ParOldGen       total 109056K, used 57933K [0x00000000a2400000, 0x00000000a8e80000, 0x00000000e0c00000)
  object space 109056K, 53% used [0x00000000a2400000,0x00000000a5c93698,0x00000000a8e80000)
 Metaspace       used 69835K, capacity 73752K, committed 73856K, reserved 1112064K
  class space    used 9955K, capacity 10786K, committed 10880K, reserved 1048576K
}

